#
# There is insufficient memory for the Java Runtime Environment to continue.
# Native memory allocation (malloc) failed to allocate 249696 bytes for Chunk::new
# Possible reasons:
#   The system is out of physical RAM or swap space
#   In 32 bit mode, the process size limit was hit
# Possible solutions:
#   Reduce memory load on the system
#   Increase physical memory or swap space
#   Check if swap backing store is full
#   Use 64 bit Java on a 64 bit OS
#   Decrease Java heap size (-Xmx/-Xms)
#   Decrease number of Java threads
#   Decrease Java thread stack sizes (-Xss)
#   Set larger code cache with -XX:ReservedCodeCacheSize=
# This output file may be truncated or incomplete.
#
#  Out of Memory Error (allocation.cpp:323), pid=20096, tid=21904
#
# JRE version: Java(TM) SE Runtime Environment (7.0_79-b15) (build 1.7.0_79-b15)
# Java VM: Java HotSpot(TM) 64-Bit Server VM (24.79-b02 mixed mode windows-amd64 compressed oops)
# Failed to write core dump. Minidumps are not enabled by default on client versions of Windows
#

---------------  T H R E A D  ---------------

Current thread (0x0000000008227800):  JavaThread "C2 CompilerThread0" daemon [_thread_in_native, id=21904, stack(0x0000000009790000,0x0000000009890000)]

Stack: [0x0000000009790000,0x0000000009890000]

Current CompileTask:
C2:   2466  193             com.android.dx.ssa.SCCP::simulateBranch (666 bytes)


---------------  P R O C E S S  ---------------

Java Threads: ( => current thread )
  0x0000000009d87800 JavaThread "pool-1-thread-4" [_thread_in_Java, id=31028, stack(0x000000000a390000,0x000000000a490000)]
  0x0000000009d86800 JavaThread "pool-1-thread-3" [_thread_blocked, id=22680, stack(0x000000000a290000,0x000000000a390000)]
  0x0000000009d60800 JavaThread "pool-1-thread-2" [_thread_blocked, id=30916, stack(0x000000000a190000,0x000000000a290000)]
  0x0000000009d60000 JavaThread "pool-2-thread-1" [_thread_blocked, id=24080, stack(0x000000000a090000,0x000000000a190000)]
  0x0000000009d5f000 JavaThread "pool-1-thread-1" [_thread_in_Java, id=31136, stack(0x0000000009f90000,0x000000000a090000)]
  0x000000000823a000 JavaThread "Service Thread" daemon [_thread_blocked, id=22416, stack(0x0000000009990000,0x0000000009a90000)]
  0x0000000008229000 JavaThread "C2 CompilerThread1" daemon [_thread_in_native, id=30984, stack(0x0000000009890000,0x0000000009990000)]
=>0x0000000008227800 JavaThread "C2 CompilerThread0" daemon [_thread_in_native, id=21904, stack(0x0000000009790000,0x0000000009890000)]
  0x0000000008223000 JavaThread "Attach Listener" daemon [_thread_blocked, id=20624, stack(0x0000000009690000,0x0000000009790000)]
  0x0000000008220000 JavaThread "Signal Dispatcher" daemon [_thread_blocked, id=22456, stack(0x0000000009590000,0x0000000009690000)]
  0x00000000081e9000 JavaThread "Finalizer" daemon [_thread_blocked, id=20340, stack(0x0000000009490000,0x0000000009590000)]
  0x00000000081e5800 JavaThread "Reference Handler" daemon [_thread_blocked, id=24072, stack(0x0000000009390000,0x0000000009490000)]
  0x0000000002290800 JavaThread "main" [_thread_in_Java, id=16588, stack(0x00000000020f0000,0x00000000021f0000)]

Other Threads:
  0x00000000081e1800 VMThread [stack: 0x0000000009290000,0x0000000009390000] [id=23168]
  0x0000000008244800 WatcherThread [stack: 0x0000000009a90000,0x0000000009b90000] [id=22296]

VM state:not at safepoint (normal execution)

VM Mutex/Monitor currently owned by a thread: None

Heap
 PSYoungGen      total 18944K, used 11895K [0x00000000eaa80000, 0x00000000ecf80000, 0x0000000100000000)
  eden space 16384K, 57% used [0x00000000eaa80000,0x00000000eb39f4c0,0x00000000eba80000)
  from space 2560K, 99% used [0x00000000eba80000,0x00000000ebcfea98,0x00000000ebd00000)
  to   space 2560K, 0% used [0x00000000ecd00000,0x00000000ecd00000,0x00000000ecf80000)
 ParOldGen       total 42496K, used 1693K [0x00000000c0000000, 0x00000000c2980000, 0x00000000eaa80000)
  object space 42496K, 3% used [0x00000000c0000000,0x00000000c01a7538,0x00000000c2980000)
 PSPermGen       total 21504K, used 5692K [0x00000000bae00000, 0x00000000bc300000, 0x00000000c0000000)
  object space 21504K, 26% used [0x00000000bae00000,0x00000000bb38f1b8,0x00000000bc300000)

Card table byte_map: [0x0000000005450000,0x0000000005680000] byte_map_base: 0x0000000004e79000

Polling page: 0x0000000000810000

Code Cache  [0x0000000002390000, 0x0000000002600000, 0x0000000005390000)
 total_blobs=428 nmethods=191 adapters=189 free_code_cache=48344Kb largest_free_block=49469312

Compilation events (10 events):
Event: 2.446 Thread 0x0000000008229000  189             java.util.AbstractMap::<init> (15 bytes)
Event: 2.446 Thread 0x0000000008227800  190             com.android.dx.ssa.SsaBasicBlock::forEachPhiInsn (54 bytes)
Event: 2.446 Thread 0x0000000008229000 nmethod 189 0x000000000244b450 code [0x000000000244b580, 0x000000000244b5d8]
Event: 2.448 Thread 0x0000000008229000  191             com.android.dx.ssa.SsaMethod$2::addToUses (48 bytes)
Event: 2.452 Thread 0x0000000008227800 nmethod 190 0x000000000245a150 code [0x000000000245a2e0, 0x000000000245a6a8]
Event: 2.452 Thread 0x0000000008227800  192             com.android.dx.rop.code.RegisterSpecList::set (7 bytes)
Event: 2.454 Thread 0x0000000008227800 nmethod 192 0x0000000002459d90 code [0x0000000002459ee0, 0x0000000002459fd8]
Event: 2.454 Thread 0x0000000008227800  193             com.android.dx.ssa.SCCP::simulateBranch (666 bytes)
Event: 2.464 Thread 0x0000000008229000 nmethod 191 0x0000000002458290 code [0x0000000002458440, 0x0000000002458c18]
Event: 2.464 Thread 0x0000000008229000  194             com.android.dx.ssa.SCCP::simulatePhi (169 bytes)

GC Heap History (2 events):
Event: 1.360 GC heap before
{Heap before GC invocations=1 (full 0):
 PSYoungGen      total 18944K, used 16384K [0x00000000eaa80000, 0x00000000ebf80000, 0x0000000100000000)
  eden space 16384K, 100% used [0x00000000eaa80000,0x00000000eba80000,0x00000000eba80000)
  from space 2560K, 0% used [0x00000000ebd00000,0x00000000ebd00000,0x00000000ebf80000)
  to   space 2560K, 0% used [0x00000000eba80000,0x00000000eba80000,0x00000000ebd00000)
 ParOldGen       total 42496K, used 0K [0x00000000c0000000, 0x00000000c2980000, 0x00000000eaa80000)
  object space 42496K, 0% used [0x00000000c0000000,0x00000000c0000000,0x00000000c2980000)
 PSPermGen       total 21504K, used 5587K [0x00000000bae00000, 0x00000000bc300000, 0x00000000c0000000)
  object space 21504K, 25% used [0x00000000bae00000,0x00000000bb374f28,0x00000000bc300000)
Event: 1.535 GC heap after
Heap after GC invocations=1 (full 0):
 PSYoungGen      total 18944K, used 2554K [0x00000000eaa80000, 0x00000000ecf80000, 0x0000000100000000)
  eden space 16384K, 0% used [0x00000000eaa80000,0x00000000eaa80000,0x00000000eba80000)
  from space 2560K, 99% used [0x00000000eba80000,0x00000000ebcfea98,0x00000000ebd00000)
  to   space 2560K, 0% used [0x00000000ecd00000,0x00000000ecd00000,0x00000000ecf80000)
 ParOldGen       total 42496K, used 1693K [0x00000000c0000000, 0x00000000c2980000, 0x00000000eaa80000)
  object space 42496K, 3% used [0x00000000c0000000,0x00000000c01a7538,0x00000000c2980000)
 PSPermGen       total 21504K, used 5587K [0x00000000bae00000, 0x00000000bc300000, 0x00000000c0000000)
  object space 21504K, 25% used [0x00000000bae00000,0x00000000bb374f28,0x00000000bc300000)
}

Deoptimization events (8 events):
Event: 0.925 Thread 0x0000000009d87800 Uncommon trap: reason=null_check action=make_not_entrant pc=0x000000000240a34c method=com.android.dx.rop.code.LocalItem.equals(Ljava/lang/Object;)Z @ 1
Event: 1.062 Thread 0x0000000009d5f000 Uncommon trap: reason=class_check action=maybe_recompile pc=0x00000000024064d8 method=com.android.dx.ssa.NormalSsaInsn.accept(Lcom/android/dx/ssa/SsaInsn$Visitor;)V @ 9
Event: 1.610 Thread 0x0000000009d87800 Uncommon trap: reason=class_check action=maybe_recompile pc=0x000000000241c658 method=com.android.dx.ssa.NormalSsaInsn.accept(Lcom/android/dx/ssa/SsaInsn$Visitor;)V @ 9
Event: 1.615 Thread 0x0000000009d86800 Uncommon trap: reason=class_check action=maybe_recompile pc=0x000000000241c658 method=com.android.dx.ssa.NormalSsaInsn.accept(Lcom/android/dx/ssa/SsaInsn$Visitor;)V @ 9
Event: 1.615 Thread 0x0000000009d86800 Uncommon trap: reason=class_check action=maybe_recompile pc=0x000000000241c658 method=com.android.dx.ssa.NormalSsaInsn.accept(Lcom/android/dx/ssa/SsaInsn$Visitor;)V @ 9
Event: 1.615 Thread 0x0000000009d86800 Uncommon trap: reason=class_check action=maybe_recompile pc=0x00000000024064d8 method=com.android.dx.ssa.NormalSsaInsn.accept(Lcom/android/dx/ssa/SsaInsn$Visitor;)V @ 9
Event: 2.125 Thread 0x0000000002290800 Uncommon trap: reason=null_check action=make_not_entrant pc=0x00000000024428e8 method=com.android.dx.rop.code.RegisterSpec.equals(Ljava/lang/Object;)Z @ 1
Event: 2.446 Thread 0x0000000009d5f000 Uncommon trap: reason=null_check action=make_not_entrant pc=0x0000000002452618 method=com.android.dx.ssa.SsaRenamer.getLocalForNewReg(I)Lcom/android/dx/rop/code/LocalItem; @ 19

Internal exceptions (10 events):
Event: 0.736 Thread 0x0000000002290800 Threw 0x00000000eb37e1b8 at C:\re\jdk7u79\2331\hotspot\src\share\vm\prims\jvm.cpp:1304
Event: 0.738 Thread 0x0000000002290800 Threw 0x00000000eb382a90 at C:\re\jdk7u79\2331\hotspot\src\share\vm\prims\jvm.cpp:1304
Event: 0.739 Thread 0x0000000002290800 Threw 0x00000000eb3da458 at C:\re\jdk7u79\2331\hotspot\src\share\vm\prims\jvm.cpp:1304
Event: 0.749 Thread 0x0000000002290800 Threw 0x00000000eb3ffc28 at C:\re\jdk7u79\2331\hotspot\src\share\vm\prims\jvm.cpp:1304
Event: 0.749 Thread 0x0000000002290800 Threw 0x00000000eb401f28 at C:\re\jdk7u79\2331\hotspot\src\share\vm\prims\jvm.cpp:1304
Event: 0.760 Thread 0x0000000002290800 Threw 0x00000000eb4179a0 at C:\re\jdk7u79\2331\hotspot\src\share\vm\prims\jvm.cpp:1304
Event: 0.763 Thread 0x0000000009d60800 Threw 0x00000000eb13e7d0 at C:\re\jdk7u79\2331\hotspot\src\share\vm\prims\jvm.cpp:1304
Event: 0.925 Thread 0x0000000009d87800 Implicit null exception at 0x0000000002409f68 to 0x000000000240a339
Event: 2.125 Thread 0x0000000002290800 Implicit null exception at 0x0000000002441905 to 0x00000000024428bd
Event: 2.446 Thread 0x0000000009d5f000 Implicit null exception at 0x00000000024512cb to 0x00000000024525e9

Events (10 events):
Event: 1.615 Thread 0x0000000009d86800 DEOPT UNPACKING pc=0x00000000023c75a4 sp=0x000000000a38e710 mode 2
Event: 1.615 Thread 0x0000000009d86800 Uncommon trap: trap_request=0xffffffde fr.pc=0x00000000024064d8
Event: 1.615 Thread 0x0000000009d86800 DEOPT PACKING pc=0x00000000024064d8 sp=0x000000000a38e770
Event: 1.615 Thread 0x0000000009d86800 DEOPT UNPACKING pc=0x00000000023c75a4 sp=0x000000000a38e6c0 mode 2
Event: 2.125 Thread 0x0000000002290800 Uncommon trap: trap_request=0xfffffff4 fr.pc=0x00000000024428e8
Event: 2.125 Thread 0x0000000002290800 DEOPT PACKING pc=0x00000000024428e8 sp=0x00000000021ee690
Event: 2.125 Thread 0x0000000002290800 DEOPT UNPACKING pc=0x00000000023c75a4 sp=0x00000000021ee598 mode 2
Event: 2.446 Thread 0x0000000009d5f000 Uncommon trap: trap_request=0xfffffff4 fr.pc=0x0000000002452618
Event: 2.446 Thread 0x0000000009d5f000 DEOPT PACKING pc=0x0000000002452618 sp=0x000000000a08e850
Event: 2.446 Thread 0x0000000009d5f000 DEOPT UNPACKING pc=0x00000000023c75a4 sp=0x000000000a08e5e8 mode 2


Dynamic libraries:
0x00007ff75bf60000 - 0x00007ff75bf93000 	C:\Program Files\Java\jdk1.7.0_79\bin\java.exe
0x00007ffa782a0000 - 0x00007ffa78461000 	C:\WINDOWS\SYSTEM32\ntdll.dll
0x00007ffa773c0000 - 0x00007ffa7746d000 	C:\WINDOWS\system32\KERNEL32.DLL
0x00007ffa749e0000 - 0x00007ffa74bc8000 	C:\WINDOWS\system32\KERNELBASE.dll
0x00007ffa77a70000 - 0x00007ffa77b17000 	C:\WINDOWS\system32\ADVAPI32.dll
0x00007ffa77f00000 - 0x00007ffa77f9d000 	C:\WINDOWS\system32\msvcrt.dll
0x00007ffa77ea0000 - 0x00007ffa77efb000 	C:\WINDOWS\system32\sechost.dll
0x00007ffa78000000 - 0x00007ffa7811c000 	C:\WINDOWS\system32\RPCRT4.dll
0x00007ffa77b90000 - 0x00007ffa77ce6000 	C:\WINDOWS\system32\USER32.dll
0x00007ffa778e0000 - 0x00007ffa77a66000 	C:\WINDOWS\system32\GDI32.dll
0x00007ffa686e0000 - 0x00007ffa68954000 	C:\WINDOWS\WinSxS\amd64_microsoft.windows.common-controls_6595b64144ccf1df_6.0.10586.0_none_8c15ae12515e1c22\COMCTL32.dll
0x00007ffa758e0000 - 0x00007ffa75b5d000 	C:\WINDOWS\system32\combase.dll
0x00007ffa74bd0000 - 0x00007ffa74c3a000 	C:\WINDOWS\system32\bcryptPrimitives.dll
0x00007ffa77470000 - 0x00007ffa774ab000 	C:\WINDOWS\system32\IMM32.DLL
0x000000005f8f0000 - 0x000000005f9c2000 	C:\Program Files\Java\jdk1.7.0_79\jre\bin\msvcr100.dll
0x000000005f110000 - 0x000000005f8e5000 	C:\Program Files\Java\jdk1.7.0_79\jre\bin\server\jvm.dll
0x00007ffa756b0000 - 0x00007ffa756b8000 	C:\WINDOWS\system32\PSAPI.DLL
0x00007ffa684a0000 - 0x00007ffa684a9000 	C:\WINDOWS\SYSTEM32\WSOCK32.dll
0x00007ffa73040000 - 0x00007ffa73063000 	C:\WINDOWS\SYSTEM32\WINMM.dll
0x00007ffa73010000 - 0x00007ffa7303c000 	C:\WINDOWS\SYSTEM32\WINMMBASE.dll
0x00007ffa77b20000 - 0x00007ffa77b8b000 	C:\WINDOWS\system32\WS2_32.dll
0x00007ffa75650000 - 0x00007ffa75693000 	C:\WINDOWS\system32\cfgmgr32.dll
0x000000005f100000 - 0x000000005f10f000 	C:\Program Files\Java\jdk1.7.0_79\jre\bin\verify.dll
0x000000005f0d0000 - 0x000000005f0f8000 	C:\Program Files\Java\jdk1.7.0_79\jre\bin\java.dll
0x000000005f0b0000 - 0x000000005f0c5000 	C:\Program Files\Java\jdk1.7.0_79\jre\bin\zip.dll
0x000000005f090000 - 0x000000005f0aa000 	C:\Program Files\Java\jdk1.7.0_79\jre\bin\net.dll
0x00007ffa741f0000 - 0x00007ffa7424c000 	C:\WINDOWS\system32\mswsock.dll
0x000000005f070000 - 0x000000005f081000 	C:\Program Files\Java\jdk1.7.0_79\jre\bin\nio.dll

VM Arguments:
jvm_args: -Xmx1024M -Dfile.encoding=windows-1252 -Duser.country=GB -Duser.language=en -Duser.variant 
java_command: com.android.dx.command.Main --dex --num-threads=4 --output C:\Users\andre\Desktop\Github\2015_fiply\FIPLY\App\app\build\intermediates\pre-dexed\debug\classes-6777c8aca1f0c397437527e182677d3f40cd3994.jar C:\Users\andre\Desktop\Github\2015_fiply\FIPLY\App\app\build\intermediates\exploded-aar\com.android.support\support-v4\23.1.0\jars\classes.jar
Launcher Type: SUN_STANDARD

Environment Variables:
JAVA_HOME=C:\Program Files\Java\jdk1.8.0_66
PATH=C:\ProgramData\Oracle\Java\javapath;C:\WINDOWS\system32;C:\WINDOWS;C:\WINDOWS\System32\Wbem;C:\WINDOWS\System32\WindowsPowerShell\v1.0\;C:\Program Files\Microsoft SQL Server\110\Tools\Binn\;C:\WINDOWS\system32\config\systemprofile\.dnx\bin;C:\Program Files\Microsoft DNX\Dnvm\;C:\Program Files\Microsoft SQL Server\120\Tools\Binn\;C:\Program Files (x86)\Skype\Phone\;C:\Users\andre\AppData\Local\GitHub\PortableGit_c2ba306e536fdf878271f7fe636a147ff37326ad\bin;C:\WINDOWS\system32;C:\WINDOWS;C:\WINDOWS\System32\Wbem;C:\WINDOWS\System32\WindowsPowerShell\v1.0\;C:\Program Files\TortoiseSVN\bin;C:\Users\andre\AppData\Local\Programs\MiKTeX 2.9\miktex\bin\x64\
USERNAME=andre
OS=Windows_NT
PROCESSOR_IDENTIFIER=Intel64 Family 6 Model 69 Stepping 1, GenuineIntel



---------------  S Y S T E M  ---------------

OS: Windows 8.1 , 64 bit Build 9600 

CPU:total 4 (2 cores per cpu, 2 threads per core) family 6 model 69 stepping 1, cmov, cx8, fxsr, mmx, sse, sse2, sse3, ssse3, sse4.1, sse4.2, popcnt, avx, avx2, aes, erms, ht, tsc, tscinvbit

Memory: 4k page, physical 4112424k(88648k free), swap 16695336k(4040k free)

vm_info: Java HotSpot(TM) 64-Bit Server VM (24.79-b02) for windows-amd64 JRE (1.7.0_79-b15), built on Apr 10 2015 12:36:16 by "java_re" with unknown MS VC++:1600

time: Thu Feb 04 20:18:27 2016
elapsed time: 2 seconds

