#
# There is insufficient memory for the Java Runtime Environment to continue.
# Native memory allocation (malloc) failed to allocate 367568 bytes for Chunk::new
# Possible reasons:
#   The system is out of physical RAM or swap space
#   In 32 bit mode, the process size limit was hit
# Possible solutions:
#   Reduce memory load on the system
#   Increase physical memory or swap space
#   Check if swap backing store is full
#   Use 64 bit Java on a 64 bit OS
#   Decrease Java heap size (-Xmx/-Xms)
#   Decrease number of Java threads
#   Decrease Java thread stack sizes (-Xss)
#   Set larger code cache with -XX:ReservedCodeCacheSize=
# This output file may be truncated or incomplete.
#
#  Out of Memory Error (allocation.cpp:323), pid=24016, tid=23460
#
# JRE version: Java(TM) SE Runtime Environment (7.0_79-b15) (build 1.7.0_79-b15)
# Java VM: Java HotSpot(TM) 64-Bit Server VM (24.79-b02 mixed mode windows-amd64 compressed oops)
# Failed to write core dump. Minidumps are not enabled by default on client versions of Windows
#

---------------  T H R E A D  ---------------

Current thread (0x0000000008200000):  JavaThread "C2 CompilerThread0" daemon [_thread_in_native, id=23460, stack(0x0000000009780000,0x0000000009880000)]

Stack: [0x0000000009780000,0x0000000009880000]

Current CompileTask:
C2:   2437  164             com.android.dx.ssa.SsaMethod::forEachBlockDepthFirst (194 bytes)


---------------  P R O C E S S  ---------------

Java Threads: ( => current thread )
  0x0000000009d79800 JavaThread "pool-1-thread-4" [_thread_in_vm, id=19816, stack(0x000000000a380000,0x000000000a480000)]
  0x0000000009d77800 JavaThread "pool-1-thread-3" [_thread_in_Java, id=22304, stack(0x000000000a280000,0x000000000a380000)]
  0x0000000009d72800 JavaThread "pool-1-thread-2" [_thread_blocked, id=22688, stack(0x000000000a180000,0x000000000a280000)]
  0x0000000009d72000 JavaThread "pool-2-thread-1" [_thread_blocked, id=30424, stack(0x000000000a080000,0x000000000a180000)]
  0x0000000009d71000 JavaThread "pool-1-thread-1" [_thread_blocked, id=19892, stack(0x0000000009f80000,0x000000000a080000)]
  0x0000000008208800 JavaThread "Service Thread" daemon [_thread_blocked, id=31464, stack(0x0000000009980000,0x0000000009a80000)]
  0x0000000008201800 JavaThread "C2 CompilerThread1" daemon [_thread_blocked, id=30976, stack(0x0000000009880000,0x0000000009980000)]
=>0x0000000008200000 JavaThread "C2 CompilerThread0" daemon [_thread_in_native, id=23460, stack(0x0000000009780000,0x0000000009880000)]
  0x00000000081fb800 JavaThread "Attach Listener" daemon [_thread_blocked, id=20800, stack(0x0000000009680000,0x0000000009780000)]
  0x00000000081f8000 JavaThread "Signal Dispatcher" daemon [_thread_blocked, id=31000, stack(0x0000000009580000,0x0000000009680000)]
  0x00000000081bf000 JavaThread "Finalizer" daemon [_thread_blocked, id=21436, stack(0x0000000009480000,0x0000000009580000)]
  0x00000000081b5800 JavaThread "Reference Handler" daemon [_thread_blocked, id=25460, stack(0x0000000009380000,0x0000000009480000)]
  0x0000000002260800 JavaThread "main" [_thread_in_Java, id=30764, stack(0x0000000002160000,0x0000000002260000)]

Other Threads:
  0x00000000081b1800 VMThread [stack: 0x0000000009280000,0x0000000009380000] [id=10876]
  0x0000000008213000 WatcherThread [stack: 0x0000000009a80000,0x0000000009b80000] [id=23032]

VM state:not at safepoint (normal execution)

VM Mutex/Monitor currently owned by a thread: None

Heap
 PSYoungGen      total 18944K, used 7687K [0x00000000eaa80000, 0x00000000ebf80000, 0x0000000100000000)
  eden space 16384K, 31% used [0x00000000eaa80000,0x00000000eaf868d0,0x00000000eba80000)
  from space 2560K, 99% used [0x00000000eba80000,0x00000000ebcfb680,0x00000000ebd00000)
  to   space 2560K, 0% used [0x00000000ebd00000,0x00000000ebd00000,0x00000000ebf80000)
 ParOldGen       total 42496K, used 1931K [0x00000000c0000000, 0x00000000c2980000, 0x00000000eaa80000)
  object space 42496K, 4% used [0x00000000c0000000,0x00000000c01e2e50,0x00000000c2980000)
 PSPermGen       total 21504K, used 5647K [0x00000000bae00000, 0x00000000bc300000, 0x00000000c0000000)
  object space 21504K, 26% used [0x00000000bae00000,0x00000000bb384550,0x00000000bc300000)

Card table byte_map: [0x0000000005420000,0x0000000005650000] byte_map_base: 0x0000000004e49000

Polling page: 0x0000000000450000

Code Cache  [0x0000000002360000, 0x00000000025d0000, 0x0000000005360000)
 total_blobs=402 nmethods=165 adapters=189 free_code_cache=48453Kb largest_free_block=49586368

Compilation events (10 events):
Event: 2.361 Thread 0x0000000008200000  162             com.android.dx.ssa.DeadCodeRemover$NoSideEffectVisitor::visitNonMoveInsn (28 bytes)
Event: 2.366 Thread 0x0000000008200000 nmethod 162 0x0000000002400d10 code [0x0000000002400e80, 0x0000000002401168]
Event: 2.367 Thread 0x0000000008200000  163             com.android.dx.ssa.back.LivenessAnalyzer::run (231 bytes)
Event: 2.399 Thread 0x0000000008200000 nmethod 163 0x000000000240fa90 code [0x000000000240fce0, 0x0000000002410860]
Event: 2.401 Thread 0x0000000008200000  164             com.android.dx.ssa.SsaMethod::forEachBlockDepthFirst (194 bytes)
Event: 2.418 Thread 0x0000000008201800 nmethod 160 0x0000000002411a90 code [0x0000000002411d60, 0x0000000002413658]
Event: 2.423 Thread 0x0000000008201800  165             com.android.dx.rop.code.BasicBlockList::labelToBlock (46 bytes)
Event: 2.424 Thread 0x0000000008201800 nmethod 165 0x00000000024020d0 code [0x0000000002402220, 0x0000000002402358]
Event: 2.429 Thread 0x0000000008201800  166             com.android.dx.dex.code.DalvInsn::<init> (67 bytes)
Event: 2.430 Thread 0x0000000008201800 nmethod 166 0x0000000002401d50 code [0x0000000002401e80, 0x0000000002401f58]

GC Heap History (2 events):
Event: 1.538 GC heap before
{Heap before GC invocations=1 (full 0):
 PSYoungGen      total 18944K, used 16384K [0x00000000eaa80000, 0x00000000ebf80000, 0x0000000100000000)
  eden space 16384K, 100% used [0x00000000eaa80000,0x00000000eba80000,0x00000000eba80000)
  from space 2560K, 0% used [0x00000000ebd00000,0x00000000ebd00000,0x00000000ebf80000)
  to   space 2560K, 0% used [0x00000000eba80000,0x00000000eba80000,0x00000000ebd00000)
 ParOldGen       total 42496K, used 0K [0x00000000c0000000, 0x00000000c2980000, 0x00000000eaa80000)
  object space 42496K, 0% used [0x00000000c0000000,0x00000000c0000000,0x00000000c2980000)
 PSPermGen       total 21504K, used 5552K [0x00000000bae00000, 0x00000000bc300000, 0x00000000c0000000)
  object space 21504K, 25% used [0x00000000bae00000,0x00000000bb36c278,0x00000000bc300000)
Event: 1.732 GC heap after
Heap after GC invocations=1 (full 0):
 PSYoungGen      total 18944K, used 2541K [0x00000000eaa80000, 0x00000000ebf80000, 0x0000000100000000)
  eden space 16384K, 0% used [0x00000000eaa80000,0x00000000eaa80000,0x00000000eba80000)
  from space 2560K, 99% used [0x00000000eba80000,0x00000000ebcfb680,0x00000000ebd00000)
  to   space 2560K, 0% used [0x00000000ebd00000,0x00000000ebd00000,0x00000000ebf80000)
 ParOldGen       total 42496K, used 1931K [0x00000000c0000000, 0x00000000c2980000, 0x00000000eaa80000)
  object space 42496K, 4% used [0x00000000c0000000,0x00000000c01e2e50,0x00000000c2980000)
 PSPermGen       total 21504K, used 5552K [0x00000000bae00000, 0x00000000bc300000, 0x00000000c0000000)
  object space 21504K, 25% used [0x00000000bae00000,0x00000000bb36c278,0x00000000bc300000)
}

Deoptimization events (2 events):
Event: 1.268 Thread 0x0000000009d72800 Uncommon trap: reason=null_check action=make_not_entrant pc=0x00000000023df1d8 method=com.android.dx.rop.code.LocalItem.equals(Ljava/lang/Object;)Z @ 1
Event: 1.297 Thread 0x0000000009d71000 Uncommon trap: reason=class_check action=maybe_recompile pc=0x00000000023dbb34 method=com.android.dx.ssa.NormalSsaInsn.accept(Lcom/android/dx/ssa/SsaInsn$Visitor;)V @ 9

Internal exceptions (10 events):
Event: 0.858 Thread 0x0000000009d77800 Threw 0x00000000eb18d060 at C:\re\jdk7u79\2331\hotspot\src\share\vm\prims\jvm.cpp:1304
Event: 1.044 Thread 0x0000000009d72800 Threw 0x00000000eb48e5e8 at C:\re\jdk7u79\2331\hotspot\src\share\vm\prims\jvm.cpp:1304
Event: 1.055 Thread 0x0000000002260800 Threw 0x00000000eb47add0 at C:\re\jdk7u79\2331\hotspot\src\share\vm\prims\jvm.cpp:1304
Event: 1.246 Thread 0x0000000002260800 Threw 0x00000000eb51c780 at C:\re\jdk7u79\2331\hotspot\src\share\vm\prims\jvm.cpp:1304
Event: 1.248 Thread 0x0000000002260800 Threw 0x00000000eb76c088 at C:\re\jdk7u79\2331\hotspot\src\share\vm\prims\jvm.cpp:1304
Event: 1.262 Thread 0x0000000002260800 Threw 0x00000000eb7e5888 at C:\re\jdk7u79\2331\hotspot\src\share\vm\prims\jvm.cpp:1304
Event: 1.268 Thread 0x0000000009d72800 Implicit null exception at 0x00000000023deddf to 0x00000000023df1c5
Event: 1.305 Thread 0x0000000009d71000 Threw 0x00000000eb88dd80 at C:\re\jdk7u79\2331\hotspot\src\share\vm\prims\jvm.cpp:1304
Event: 1.799 Thread 0x0000000009d72800 Threw 0x00000000eac12990 at C:\re\jdk7u79\2331\hotspot\src\share\vm\prims\jvm.cpp:1304
Event: 2.432 Thread 0x0000000009d79800 Threw 0x00000000eaf7bf38 at C:\re\jdk7u79\2331\hotspot\src\share\vm\prims\jvm.cpp:1304

Events (10 events):
Event: 1.305 loading class 0x0000000009d486f0
Event: 1.305 loading class 0x0000000009d486f0 done
Event: 1.497 Executing VM operation: ParallelGCFailedAllocation
Event: 1.732 Executing VM operation: ParallelGCFailedAllocation done
Event: 1.760 loading class 0x00000000022ddec0
Event: 1.761 loading class 0x00000000022ddec0 done
Event: 1.799 loading class 0x0000000009d790d0
Event: 1.799 loading class 0x0000000009d790d0 done
Event: 2.431 loading class 0x0000000009d78e00
Event: 2.431 loading class 0x0000000009d78e00 done


Dynamic libraries:
0x00007ff75bf60000 - 0x00007ff75bf93000 	C:\Program Files\Java\jdk1.7.0_79\bin\java.exe
0x00007ffa782a0000 - 0x00007ffa78461000 	C:\WINDOWS\SYSTEM32\ntdll.dll
0x00007ffa773c0000 - 0x00007ffa7746d000 	C:\WINDOWS\system32\KERNEL32.DLL
0x00007ffa749e0000 - 0x00007ffa74bc8000 	C:\WINDOWS\system32\KERNELBASE.dll
0x00007ffa77a70000 - 0x00007ffa77b17000 	C:\WINDOWS\system32\ADVAPI32.dll
0x00007ffa77f00000 - 0x00007ffa77f9d000 	C:\WINDOWS\system32\msvcrt.dll
0x00007ffa77ea0000 - 0x00007ffa77efb000 	C:\WINDOWS\system32\sechost.dll
0x00007ffa78000000 - 0x00007ffa7811c000 	C:\WINDOWS\system32\RPCRT4.dll
0x00007ffa77b90000 - 0x00007ffa77ce6000 	C:\WINDOWS\system32\USER32.dll
0x00007ffa778e0000 - 0x00007ffa77a66000 	C:\WINDOWS\system32\GDI32.dll
0x00007ffa686e0000 - 0x00007ffa68954000 	C:\WINDOWS\WinSxS\amd64_microsoft.windows.common-controls_6595b64144ccf1df_6.0.10586.0_none_8c15ae12515e1c22\COMCTL32.dll
0x00007ffa758e0000 - 0x00007ffa75b5d000 	C:\WINDOWS\system32\combase.dll
0x00007ffa74bd0000 - 0x00007ffa74c3a000 	C:\WINDOWS\system32\bcryptPrimitives.dll
0x00007ffa77470000 - 0x00007ffa774ab000 	C:\WINDOWS\system32\IMM32.DLL
0x000000005f8f0000 - 0x000000005f9c2000 	C:\Program Files\Java\jdk1.7.0_79\jre\bin\msvcr100.dll
0x000000005f110000 - 0x000000005f8e5000 	C:\Program Files\Java\jdk1.7.0_79\jre\bin\server\jvm.dll
0x00007ffa756b0000 - 0x00007ffa756b8000 	C:\WINDOWS\system32\PSAPI.DLL
0x00007ffa684a0000 - 0x00007ffa684a9000 	C:\WINDOWS\SYSTEM32\WSOCK32.dll
0x00007ffa77b20000 - 0x00007ffa77b8b000 	C:\WINDOWS\system32\WS2_32.dll
0x00007ffa73040000 - 0x00007ffa73063000 	C:\WINDOWS\SYSTEM32\WINMM.dll
0x00007ffa73010000 - 0x00007ffa7303c000 	C:\WINDOWS\SYSTEM32\WINMMBASE.dll
0x00007ffa75650000 - 0x00007ffa75693000 	C:\WINDOWS\system32\cfgmgr32.dll
0x000000005f100000 - 0x000000005f10f000 	C:\Program Files\Java\jdk1.7.0_79\jre\bin\verify.dll
0x000000005f0d0000 - 0x000000005f0f8000 	C:\Program Files\Java\jdk1.7.0_79\jre\bin\java.dll
0x000000005f0b0000 - 0x000000005f0c5000 	C:\Program Files\Java\jdk1.7.0_79\jre\bin\zip.dll
0x000000005f090000 - 0x000000005f0aa000 	C:\Program Files\Java\jdk1.7.0_79\jre\bin\net.dll
0x00007ffa741f0000 - 0x00007ffa7424c000 	C:\WINDOWS\system32\mswsock.dll
0x000000005f070000 - 0x000000005f081000 	C:\Program Files\Java\jdk1.7.0_79\jre\bin\nio.dll

VM Arguments:
jvm_args: -Xmx1024M -Dfile.encoding=windows-1252 -Duser.country=GB -Duser.language=en -Duser.variant 
java_command: com.android.dx.command.Main --dex --num-threads=4 --output C:\Users\andre\Desktop\Github\2015_fiply\FIPLY\App\app\build\intermediates\pre-dexed\debug\classes-e0a0cdcda57c767b605429845746d367458cc8bb.jar C:\Users\andre\Desktop\Github\2015_fiply\FIPLY\App\app\build\intermediates\exploded-aar\com.android.support\design\23.1.0\jars\classes.jar
Launcher Type: SUN_STANDARD

Environment Variables:
JAVA_HOME=C:\Program Files\Java\jdk1.8.0_66
PATH=C:\ProgramData\Oracle\Java\javapath;C:\WINDOWS\system32;C:\WINDOWS;C:\WINDOWS\System32\Wbem;C:\WINDOWS\System32\WindowsPowerShell\v1.0\;C:\Program Files\Microsoft SQL Server\110\Tools\Binn\;C:\WINDOWS\system32\config\systemprofile\.dnx\bin;C:\Program Files\Microsoft DNX\Dnvm\;C:\Program Files\Microsoft SQL Server\120\Tools\Binn\;C:\Program Files (x86)\Skype\Phone\;C:\Users\andre\AppData\Local\GitHub\PortableGit_c2ba306e536fdf878271f7fe636a147ff37326ad\bin;C:\WINDOWS\system32;C:\WINDOWS;C:\WINDOWS\System32\Wbem;C:\WINDOWS\System32\WindowsPowerShell\v1.0\;C:\Program Files\TortoiseSVN\bin;C:\Users\andre\AppData\Local\Programs\MiKTeX 2.9\miktex\bin\x64\
USERNAME=andre
OS=Windows_NT
PROCESSOR_IDENTIFIER=Intel64 Family 6 Model 69 Stepping 1, GenuineIntel



---------------  S Y S T E M  ---------------

OS: Windows 8.1 , 64 bit Build 9600 

CPU:total 4 (2 cores per cpu, 2 threads per core) family 6 model 69 stepping 1, cmov, cx8, fxsr, mmx, sse, sse2, sse3, ssse3, sse4.1, sse4.2, popcnt, avx, avx2, aes, erms, ht, tsc, tscinvbit

Memory: 4k page, physical 4112424k(88580k free), swap 16695336k(3256k free)

vm_info: Java HotSpot(TM) 64-Bit Server VM (24.79-b02) for windows-amd64 JRE (1.7.0_79-b15), built on Apr 10 2015 12:36:16 by "java_re" with unknown MS VC++:1600

time: Thu Feb 04 20:18:27 2016
elapsed time: 2 seconds

